<?xml version="1.0" encoding="UTF-8"?>
<testng-results ignored="0" total="0" passed="0" failed="0" skipped="0">
  <reporter-output>
  </reporter-output>
  <suite started-at="2024-07-24T18:13:32 CAT" name="Command line suite" finished-at="2024-07-24T18:13:33 CAT" duration-ms="1">
    <groups>
    </groups>
    <test started-at="2024-07-24T18:13:32 CAT" name="Command line test" finished-at="2024-07-24T18:13:33 CAT" duration-ms="1">
    </test> <!-- Command line test -->
  </suite> <!-- Command line suite -->
</testng-results>
